/home/sam/ros2_ws/src/comprobo_warmup_project/install/warmup_project/lib/python3.10/site-packages/warmup_project/__init__.py
/home/sam/ros2_ws/src/comprobo_warmup_project/install/warmup_project/lib/python3.10/site-packages/warmup_project/teleop.py
/home/sam/ros2_ws/src/comprobo_warmup_project/install/warmup_project/lib/python3.10/site-packages/warmup_project/obstacle_avoider.py
/home/sam/ros2_ws/src/comprobo_warmup_project/install/warmup_project/lib/python3.10/site-packages/warmup_project/person_follower.py
/home/sam/ros2_ws/src/comprobo_warmup_project/install/warmup_project/lib/python3.10/site-packages/warmup_project/wall_follower.py
/home/sam/ros2_ws/src/comprobo_warmup_project/install/warmup_project/lib/python3.10/site-packages/warmup_project/drive_square.py
/home/sam/ros2_ws/src/comprobo_warmup_project/install/warmup_project/lib/python3.10/site-packages/warmup_project/__pycache__/__init__.cpython-310.pyc
/home/sam/ros2_ws/src/comprobo_warmup_project/install/warmup_project/lib/python3.10/site-packages/warmup_project/__pycache__/teleop.cpython-310.pyc
/home/sam/ros2_ws/src/comprobo_warmup_project/install/warmup_project/lib/python3.10/site-packages/warmup_project/__pycache__/obstacle_avoider.cpython-310.pyc
/home/sam/ros2_ws/src/comprobo_warmup_project/install/warmup_project/lib/python3.10/site-packages/warmup_project/__pycache__/person_follower.cpython-310.pyc
/home/sam/ros2_ws/src/comprobo_warmup_project/install/warmup_project/lib/python3.10/site-packages/warmup_project/__pycache__/wall_follower.cpython-310.pyc
/home/sam/ros2_ws/src/comprobo_warmup_project/install/warmup_project/lib/python3.10/site-packages/warmup_project/__pycache__/drive_square.cpython-310.pyc
/home/sam/ros2_ws/src/comprobo_warmup_project/install/warmup_project/share/ament_index/resource_index/packages/warmup_project
/home/sam/ros2_ws/src/comprobo_warmup_project/install/warmup_project/share/warmup_project/package.xml
/home/sam/ros2_ws/src/comprobo_warmup_project/install/warmup_project/lib/python3.10/site-packages/warmup_project-0.0.0-py3.10.egg-info/zip-safe
/home/sam/ros2_ws/src/comprobo_warmup_project/install/warmup_project/lib/python3.10/site-packages/warmup_project-0.0.0-py3.10.egg-info/PKG-INFO
/home/sam/ros2_ws/src/comprobo_warmup_project/install/warmup_project/lib/python3.10/site-packages/warmup_project-0.0.0-py3.10.egg-info/requires.txt
/home/sam/ros2_ws/src/comprobo_warmup_project/install/warmup_project/lib/python3.10/site-packages/warmup_project-0.0.0-py3.10.egg-info/dependency_links.txt
/home/sam/ros2_ws/src/comprobo_warmup_project/install/warmup_project/lib/python3.10/site-packages/warmup_project-0.0.0-py3.10.egg-info/entry_points.txt
/home/sam/ros2_ws/src/comprobo_warmup_project/install/warmup_project/lib/python3.10/site-packages/warmup_project-0.0.0-py3.10.egg-info/SOURCES.txt
/home/sam/ros2_ws/src/comprobo_warmup_project/install/warmup_project/lib/python3.10/site-packages/warmup_project-0.0.0-py3.10.egg-info/top_level.txt
/home/sam/ros2_ws/src/comprobo_warmup_project/install/warmup_project/lib/warmup_project/drive_square
/home/sam/ros2_ws/src/comprobo_warmup_project/install/warmup_project/lib/warmup_project/obstacle_avoider
/home/sam/ros2_ws/src/comprobo_warmup_project/install/warmup_project/lib/warmup_project/person_follower
/home/sam/ros2_ws/src/comprobo_warmup_project/install/warmup_project/lib/warmup_project/teleop
/home/sam/ros2_ws/src/comprobo_warmup_project/install/warmup_project/lib/warmup_project/wall_follower
